<?xml version="1.0" encoding="UTF-8"?>
<!-- Generated by org.testng.reporters.JUnitReportReporter -->
<testsuite hostname="Dinesh" failures="0" tests="7" name="com.MyAppApplicationTestscode" time="31.751" errors="0" timestamp="2022-10-13T18:43:24 IST" skipped="0">
  <testcase classname="com.MyAppApplicationTestscode" name="testing" time="3.772"/>
  <system-out/>
  <testcase classname="com.MyAppApplicationTestscode" name="signup" time="4.527"/>
  <system-out/>
  <testcase classname="com.MyAppApplicationTestscode" name="signin" time="4.962"/>
  <system-out/>
  <testcase classname="com.MyAppApplicationTestscode" name="adminhome" time="3.713"/>
  <system-out/>
  <testcase classname="com.MyAppApplicationTestscode" name="userhome" time="4.364"/>
  <system-out/>
  <testcase classname="com.MyAppApplicationTestscode" name="loadusers" time="5.741"/>
  <system-out/>
  <testcase classname="com.MyAppApplicationTestscode" name="approve" time="4.672"/>
  <system-out/>
</testsuite> <!-- com.MyAppApplicationTestscode -->
