<?xml version="1.0" encoding="UTF-8"?>
<!-- Generated by org.testng.reporters.JUnitReportReporter -->
<testsuite hostname="Dinesh" failures="0" tests="4" name="com.simplilearn.demo.AmazonAutomation" time="36.295" errors="0" timestamp="2022-10-01T16:57:41 IST" skipped="0">
  <testcase classname="com.simplilearn.demo.AmazonAutomation" name="search" time="15.761"/>
  <system-out/>
  <testcase classname="com.simplilearn.demo.AmazonAutomation" name="addtocart" time="8.223"/>
  <system-out/>
  <testcase classname="com.simplilearn.demo.AmazonAutomation" name="login" time="6.417"/>
  <system-out/>
  <testcase classname="com.simplilearn.demo.AmazonAutomation" name="register" time="5.894"/>
  <system-out/>
</testsuite> <!-- com.simplilearn.demo.AmazonAutomation -->
