<?xml version="1.0" encoding="UTF-8"?>
<!-- Generated by org.testng.reporters.JUnitReportReporter -->
<testsuite hostname="Dinesh" failures="0" tests="1" name="com.simplilearn.demo.NewTest_firefox" time="69.833" errors="0" timestamp="2022-10-11T16:35:14 IST" skipped="0">
  <testcase classname="com.simplilearn.demo.NewTest_firefox" name="search" time="69.833"/>
  <system-out/>
</testsuite> <!-- com.simplilearn.demo.NewTest_firefox -->
