<?xml version="1.0" encoding="UTF-8"?>
<!-- Generated by org.testng.reporters.JUnitReportReporter -->
<testsuite hostname="Dinesh" failures="0" tests="1" name="com.simplilearn.demo.AppTest" time="64.247" errors="0" timestamp="2022-10-11T14:12:52 IST" skipped="0">
  <testcase classname="com.simplilearn.demo.AppTest" name="search" time="64.247"/>
  <system-out/>
</testsuite> <!-- com.simplilearn.demo.AppTest -->
